<?xml version="1.0" encoding="UTF-8"?>
<testng-results ignored="0" total="5" passed="5" failed="0" skipped="0">
  <reporter-output>
  </reporter-output>
  <suite started-at="2022-02-15T09:02:52 IST" name="Suite" finished-at="2022-02-15T09:04:46 IST" duration-ms="113323">
    <groups>
    </groups>
    <test started-at="2022-02-15T09:02:52 IST" name="Test" finished-at="2022-02-15T09:04:46 IST" duration-ms="113323">
      <class name="Com.Orange.testcases.HomePageTest">
        <test-method is-config="true" signature="setup()[pri:0, instance:Com.Orange.testcases.HomePageTest@496bc455]" started-at="2022-02-15T09:03:19 IST" name="setup" finished-at="2022-02-15T09:03:27 IST" duration-ms="8110" status="PASS">
          <reporter-output>
          </reporter-output>
        </test-method> <!-- setup -->
        <test-method signature="admintabTest()[pri:3, instance:Com.Orange.testcases.HomePageTest@496bc455]" started-at="2022-02-15T09:03:27 IST" name="admintabTest" finished-at="2022-02-15T09:03:39 IST" duration-ms="12240" status="PASS">
          <reporter-output>
          </reporter-output>
        </test-method> <!-- admintabTest -->
        <test-method is-config="true" signature="teardown()[pri:0, instance:Com.Orange.testcases.HomePageTest@496bc455]" started-at="2022-02-15T09:03:39 IST" name="teardown" finished-at="2022-02-15T09:03:39 IST" duration-ms="249" status="PASS">
          <reporter-output>
          </reporter-output>
        </test-method> <!-- teardown -->
      </class> <!-- Com.Orange.testcases.HomePageTest -->
      <class name="Com.Orange.testcases.LoginPageTest">
        <test-method is-config="true" signature="setup()[pri:0, instance:Com.Orange.testcases.LoginPageTest@8519cb4]" started-at="2022-02-15T09:02:52 IST" name="setup" finished-at="2022-02-15T09:03:02 IST" duration-ms="9888" status="PASS">
          <reporter-output>
          </reporter-output>
        </test-method> <!-- setup -->
        <test-method signature="verifylogo()[pri:1, instance:Com.Orange.testcases.LoginPageTest@8519cb4]" started-at="2022-02-15T09:03:02 IST" name="verifylogo" finished-at="2022-02-15T09:03:02 IST" duration-ms="110" status="PASS">
          <reporter-output>
          </reporter-output>
        </test-method> <!-- verifylogo -->
        <test-method is-config="true" signature="teardown()[pri:0, instance:Com.Orange.testcases.LoginPageTest@8519cb4]" started-at="2022-02-15T09:03:02 IST" name="teardown" finished-at="2022-02-15T09:03:03 IST" duration-ms="314" status="PASS">
          <reporter-output>
          </reporter-output>
        </test-method> <!-- teardown -->
        <test-method is-config="true" signature="setup()[pri:0, instance:Com.Orange.testcases.LoginPageTest@8519cb4]" started-at="2022-02-15T09:03:03 IST" name="setup" finished-at="2022-02-15T09:03:11 IST" duration-ms="8368" status="PASS">
          <reporter-output>
          </reporter-output>
        </test-method> <!-- setup -->
        <test-method signature="loginTest()[pri:2, instance:Com.Orange.testcases.LoginPageTest@8519cb4]" started-at="2022-02-15T09:03:11 IST" name="loginTest" finished-at="2022-02-15T09:03:19 IST" duration-ms="7686" status="PASS">
          <reporter-output>
          </reporter-output>
        </test-method> <!-- loginTest -->
        <test-method is-config="true" signature="teardown()[pri:0, instance:Com.Orange.testcases.LoginPageTest@8519cb4]" started-at="2022-02-15T09:03:19 IST" name="teardown" finished-at="2022-02-15T09:03:19 IST" duration-ms="214" status="PASS">
          <reporter-output>
          </reporter-output>
        </test-method> <!-- teardown -->
      </class> <!-- Com.Orange.testcases.LoginPageTest -->
      <class name="Com.Orange.testcases.SaveSystemUserTest">
        <test-method is-config="true" signature="setup()[pri:0, instance:Com.Orange.testcases.SaveSystemUserTest@7188af83]" started-at="2022-02-15T09:04:10 IST" name="setup" finished-at="2022-02-15T09:04:18 IST" duration-ms="7703" status="PASS">
          <reporter-output>
          </reporter-output>
        </test-method> <!-- setup -->
        <test-method signature="searchTest()[pri:5, instance:Com.Orange.testcases.SaveSystemUserTest@7188af83]" started-at="2022-02-15T09:04:18 IST" name="searchTest" finished-at="2022-02-15T09:04:45 IST" duration-ms="27721" status="PASS">
          <reporter-output>
          </reporter-output>
        </test-method> <!-- searchTest -->
        <test-method is-config="true" signature="teardown()[pri:0, instance:Com.Orange.testcases.SaveSystemUserTest@7188af83]" started-at="2022-02-15T09:04:45 IST" name="teardown" finished-at="2022-02-15T09:04:46 IST" duration-ms="139" status="PASS">
          <reporter-output>
          </reporter-output>
        </test-method> <!-- teardown -->
      </class> <!-- Com.Orange.testcases.SaveSystemUserTest -->
      <class name="Com.Orange.testcases.SystemUsersTest">
        <test-method is-config="true" signature="setup()[pri:0, instance:Com.Orange.testcases.SystemUsersTest@59402b8f]" started-at="2022-02-15T09:03:39 IST" name="setup" finished-at="2022-02-15T09:03:48 IST" duration-ms="8523" status="PASS">
          <reporter-output>
          </reporter-output>
        </test-method> <!-- setup -->
        <test-method signature="searchTest()[pri:4, instance:Com.Orange.testcases.SystemUsersTest@59402b8f]" started-at="2022-02-15T09:03:48 IST" name="searchTest" finished-at="2022-02-15T09:04:10 IST" duration-ms="21819" status="PASS">
          <reporter-output>
          </reporter-output>
        </test-method> <!-- searchTest -->
        <test-method is-config="true" signature="teardown()[pri:0, instance:Com.Orange.testcases.SystemUsersTest@59402b8f]" started-at="2022-02-15T09:04:10 IST" name="teardown" finished-at="2022-02-15T09:04:10 IST" duration-ms="181" status="PASS">
          <reporter-output>
          </reporter-output>
        </test-method> <!-- teardown -->
      </class> <!-- Com.Orange.testcases.SystemUsersTest -->
    </test> <!-- Test -->
  </suite> <!-- Suite -->
</testng-results>
