<?xml version="1.0" encoding="UTF-8"?>
<testng-results ignored="0" total="5" passed="5" failed="0" skipped="0">
  <reporter-output>
  </reporter-output>
  <suite started-at="2022-02-17T08:42:28 IST" name="Suite" finished-at="2022-02-17T08:44:30 IST" duration-ms="122710">
    <groups>
    </groups>
    <test started-at="2022-02-17T08:42:28 IST" name="Test" finished-at="2022-02-17T08:44:30 IST" duration-ms="122710">
      <class name="Com.Orange.testcases.HomePageTest">
        <test-method is-config="true" signature="setup()[pri:0, instance:Com.Orange.testcases.HomePageTest@609e8838]" started-at="2022-02-17T08:42:58 IST" name="setup" finished-at="2022-02-17T08:43:07 IST" duration-ms="9340" status="PASS">
          <reporter-output>
          </reporter-output>
        </test-method> <!-- setup -->
        <test-method signature="admintabTest()[pri:3, instance:Com.Orange.testcases.HomePageTest@609e8838]" started-at="2022-02-17T08:43:07 IST" name="admintabTest" finished-at="2022-02-17T08:43:20 IST" duration-ms="13008" status="PASS">
          <reporter-output>
          </reporter-output>
        </test-method> <!-- admintabTest -->
        <test-method is-config="true" signature="teardown()[pri:0, instance:Com.Orange.testcases.HomePageTest@609e8838]" started-at="2022-02-17T08:43:20 IST" name="teardown" finished-at="2022-02-17T08:43:20 IST" duration-ms="167" status="PASS">
          <reporter-output>
          </reporter-output>
        </test-method> <!-- teardown -->
      </class> <!-- Com.Orange.testcases.HomePageTest -->
      <class name="Com.Orange.testcases.LoginPageTest">
        <test-method is-config="true" signature="setup()[pri:0, instance:Com.Orange.testcases.LoginPageTest@48075da3]" started-at="2022-02-17T08:42:28 IST" name="setup" finished-at="2022-02-17T08:42:40 IST" duration-ms="12082" status="PASS">
          <reporter-output>
          </reporter-output>
        </test-method> <!-- setup -->
        <test-method signature="verifylogo()[pri:1, instance:Com.Orange.testcases.LoginPageTest@48075da3]" started-at="2022-02-17T08:42:40 IST" name="verifylogo" finished-at="2022-02-17T08:42:40 IST" duration-ms="98" status="PASS">
          <reporter-output>
          </reporter-output>
        </test-method> <!-- verifylogo -->
        <test-method is-config="true" signature="teardown()[pri:0, instance:Com.Orange.testcases.LoginPageTest@48075da3]" started-at="2022-02-17T08:42:40 IST" name="teardown" finished-at="2022-02-17T08:42:40 IST" duration-ms="135" status="PASS">
          <reporter-output>
          </reporter-output>
        </test-method> <!-- teardown -->
        <test-method is-config="true" signature="setup()[pri:0, instance:Com.Orange.testcases.LoginPageTest@48075da3]" started-at="2022-02-17T08:42:40 IST" name="setup" finished-at="2022-02-17T08:42:50 IST" duration-ms="9860" status="PASS">
          <reporter-output>
          </reporter-output>
        </test-method> <!-- setup -->
        <test-method signature="loginTest()[pri:2, instance:Com.Orange.testcases.LoginPageTest@48075da3]" started-at="2022-02-17T08:42:50 IST" name="loginTest" finished-at="2022-02-17T08:42:58 IST" duration-ms="7620" status="PASS">
          <reporter-output>
          </reporter-output>
        </test-method> <!-- loginTest -->
        <test-method is-config="true" signature="teardown()[pri:0, instance:Com.Orange.testcases.LoginPageTest@48075da3]" started-at="2022-02-17T08:42:58 IST" name="teardown" finished-at="2022-02-17T08:42:58 IST" duration-ms="149" status="PASS">
          <reporter-output>
          </reporter-output>
        </test-method> <!-- teardown -->
      </class> <!-- Com.Orange.testcases.LoginPageTest -->
      <class name="Com.Orange.testcases.SaveSystemUserTest">
        <test-method is-config="true" signature="setup()[pri:0, instance:Com.Orange.testcases.SaveSystemUserTest@43df23d3]" started-at="2022-02-17T08:43:52 IST" name="setup" finished-at="2022-02-17T08:44:01 IST" duration-ms="8923" status="PASS">
          <reporter-output>
          </reporter-output>
        </test-method> <!-- setup -->
        <test-method signature="searchTest()[pri:5, instance:Com.Orange.testcases.SaveSystemUserTest@43df23d3]" started-at="2022-02-17T08:44:01 IST" name="searchTest" finished-at="2022-02-17T08:44:30 IST" duration-ms="29427" status="PASS">
          <reporter-output>
          </reporter-output>
        </test-method> <!-- searchTest -->
        <test-method is-config="true" signature="teardown()[pri:0, instance:Com.Orange.testcases.SaveSystemUserTest@43df23d3]" started-at="2022-02-17T08:44:30 IST" name="teardown" finished-at="2022-02-17T08:44:30 IST" duration-ms="230" status="PASS">
          <reporter-output>
          </reporter-output>
        </test-method> <!-- teardown -->
      </class> <!-- Com.Orange.testcases.SaveSystemUserTest -->
      <class name="Com.Orange.testcases.SystemUsersTest">
        <test-method is-config="true" signature="setup()[pri:0, instance:Com.Orange.testcases.SystemUsersTest@359df09a]" started-at="2022-02-17T08:43:20 IST" name="setup" finished-at="2022-02-17T08:43:30 IST" duration-ms="9411" status="PASS">
          <reporter-output>
          </reporter-output>
        </test-method> <!-- setup -->
        <test-method signature="searchTest()[pri:4, instance:Com.Orange.testcases.SystemUsersTest@359df09a]" started-at="2022-02-17T08:43:30 IST" name="searchTest" finished-at="2022-02-17T08:43:52 IST" duration-ms="22048" status="PASS">
          <reporter-output>
          </reporter-output>
        </test-method> <!-- searchTest -->
        <test-method is-config="true" signature="teardown()[pri:0, instance:Com.Orange.testcases.SystemUsersTest@359df09a]" started-at="2022-02-17T08:43:52 IST" name="teardown" finished-at="2022-02-17T08:43:52 IST" duration-ms="137" status="PASS">
          <reporter-output>
          </reporter-output>
        </test-method> <!-- teardown -->
      </class> <!-- Com.Orange.testcases.SystemUsersTest -->
    </test> <!-- Test -->
  </suite> <!-- Suite -->
</testng-results>
