<?xml version="1.0" encoding="UTF-8"?>
<!-- Generated by org.testng.reporters.JUnitXMLReporter -->
<testsuite ignored="0" hostname="inbl01lap7026" failures="0" tests="5" name="Test" time="122.71" errors="0" timestamp="2022-02-17T08:44:31 IST">
  <testcase classname="Com.Orange.testcases.LoginPageTest" name="verifylogo" time="0.098"/>
  <testcase classname="Com.Orange.testcases.LoginPageTest" name="loginTest" time="7.62"/>
  <testcase classname="Com.Orange.testcases.HomePageTest" name="admintabTest" time="13.008"/>
  <testcase classname="Com.Orange.testcases.SystemUsersTest" name="searchTest" time="22.048"/>
  <testcase classname="Com.Orange.testcases.SaveSystemUserTest" name="searchTest" time="29.427"/>
</testsuite> <!-- Test -->
