<?xml version="1.0" encoding="UTF-8"?>
<!-- Generated by org.testng.reporters.JUnitXMLReporter -->
<testsuite ignored="0" hostname="inbl01lap7026" failures="0" tests="5" name="Test" time="113.323" errors="0" timestamp="2022-02-15T09:04:46 IST">
  <testcase classname="Com.Orange.testcases.LoginPageTest" name="verifylogo" time="0.11"/>
  <testcase classname="Com.Orange.testcases.LoginPageTest" name="loginTest" time="7.686"/>
  <testcase classname="Com.Orange.testcases.HomePageTest" name="admintabTest" time="12.24"/>
  <testcase classname="Com.Orange.testcases.SystemUsersTest" name="searchTest" time="21.819"/>
  <testcase classname="Com.Orange.testcases.SaveSystemUserTest" name="searchTest" time="27.721"/>
</testsuite> <!-- Test -->
